{
  "RSpec": {
    "coverage": {
      "/Users/TuringJourney/Desktop/turing/mod_3/projects/the_pivot/little-shop/config/environment.rb": [
        null,
        1,
        null,
        null,
        1,
        null,
        1,
        null,
        null,
        null,
        null,
        null,
        null,
        null,
        null
      ],
      "/Users/TuringJourney/Desktop/turing/mod_3/projects/the_pivot/little-shop/config/application.rb": [
        1,
        null,
        1,
        null,
        null,
        null,
        1,
        null,
        1,
        1,
        null,
        null,
        null,
        null,
        null
      ],
      "/Users/TuringJourney/Desktop/turing/mod_3/projects/the_pivot/little-shop/config/boot.rb": [
        1,
        null,
        1
      ],
      "/Users/TuringJourney/Desktop/turing/mod_3/projects/the_pivot/little-shop/config/environments/test.rb": [
        1,
        1,
        null,
        null,
        null,
        null,
        null,
        null,
        1,
        null,
        null,
        null,
        null,
        1,
        null,
        null,
        1,
        1,
        null,
        null,
        null,
        null,
        1,
        1,
        null,
        null,
        1,
        null,
        null,
        1,
        1,
        null,
        null,
        null,
        null,
        1,
        null,
        null,
        1,
        null,
        null,
        null,
        null
      ],
      "/Users/TuringJourney/Desktop/turing/mod_3/projects/the_pivot/little-shop/config/initializers/application_controller_renderer.rb": [
        null,
        null,
        null,
        null,
        null,
        null
      ],
      "/Users/TuringJourney/Desktop/turing/mod_3/projects/the_pivot/little-shop/config/initializers/assets.rb": [
        null,
        null,
        null,
        1,
        null,
        null,
        null,
        null,
        null,
        null,
        null
      ],
      "/Users/TuringJourney/Desktop/turing/mod_3/projects/the_pivot/little-shop/config/initializers/aws.rb": [
        1,
        null,
        null,
        null,
        null,
        1
      ],
      "/Users/TuringJourney/Desktop/turing/mod_3/projects/the_pivot/little-shop/config/initializers/backtrace_silencers.rb": [
        null,
        null,
        null,
        null,
        null,
        null,
        null
      ],
      "/Users/TuringJourney/Desktop/turing/mod_3/projects/the_pivot/little-shop/config/initializers/cookies_serializer.rb": [
        null,
        null,
        null,
        null,
        1
      ],
      "/Users/TuringJourney/Desktop/turing/mod_3/projects/the_pivot/little-shop/config/initializers/filter_parameter_logging.rb": [
        null,
        null,
        null,
        1
      ],
      "/Users/TuringJourney/Desktop/turing/mod_3/projects/the_pivot/little-shop/config/initializers/inflections.rb": [
        null,
        null,
        null,
        null,
        null,
        null,
        null,
        null,
        null,
        null,
        null,
        null,
        null,
        null,
        null,
        null
      ],
      "/Users/TuringJourney/Desktop/turing/mod_3/projects/the_pivot/little-shop/config/initializers/mime_types.rb": [
        null,
        null,
        null,
        null
      ],
      "/Users/TuringJourney/Desktop/turing/mod_3/projects/the_pivot/little-shop/config/initializers/new_framework_defaults.rb": [
        null,
        null,
        null,
        null,
        null,
        null,
        null,
        1,
        null,
        null,
        1,
        null,
        null,
        null,
        1,
        null,
        null,
        1,
        null,
        null,
        1,
        null,
        null,
        1
      ],
      "/Users/TuringJourney/Desktop/turing/mod_3/projects/the_pivot/little-shop/config/initializers/session_store.rb": [
        null,
        null,
        1
      ],
      "/Users/TuringJourney/Desktop/turing/mod_3/projects/the_pivot/little-shop/config/initializers/stripe.rb": [
        1,
        null,
        null,
        null,
        null,
        1
      ],
      "/Users/TuringJourney/Desktop/turing/mod_3/projects/the_pivot/little-shop/config/initializers/wrap_parameters.rb": [
        null,
        null,
        null,
        null,
        null,
        null,
        1,
        2,
        null,
        null,
        null,
        null,
        null,
        null
      ],
      "/Users/TuringJourney/Desktop/turing/mod_3/projects/the_pivot/little-shop/config/routes.rb": [
        1,
        null,
        1,
        null,
        1,
        null,
        1,
        1,
        null,
        1,
        null,
        1,
        null,
        1,
        null,
        1,
        null,
        1,
        null,
        1,
        null,
        1,
        null,
        1,
        1,
        null,
        null,
        1,
        1,
        1,
        1,
        1,
        null,
        null,
        null,
        1,
        null,
        1,
        null,
        null,
        null,
        null,
        null,
        null,
        null,
        null,
        null,
        null,
        null,
        null,
        null,
        null,
        null,
        null
      ],
      "/Users/TuringJourney/Desktop/turing/mod_3/projects/the_pivot/little-shop/app/helpers/application_helper.rb": [
        1,
        1,
        null,
        null,
        null,
        null,
        1,
        4,
        3,
        null,
        1,
        null,
        null,
        null
      ],
      "/Users/TuringJourney/Desktop/turing/mod_3/projects/the_pivot/little-shop/app/models/booked_date.rb": [
        1,
        1,
        1,
        null
      ],
      "/Users/TuringJourney/Desktop/turing/mod_3/projects/the_pivot/little-shop/app/models/application_record.rb": [
        1,
        1,
        null
      ],
      "/Users/TuringJourney/Desktop/turing/mod_3/projects/the_pivot/little-shop/app/models/business_role.rb": [
        1,
        1,
        1,
        null
      ],
      "/Users/TuringJourney/Desktop/turing/mod_3/projects/the_pivot/little-shop/app/models/business.rb": [
        1,
        1,
        1,
        1,
        1,
        1,
        1,
        null,
        1,
        null,
        1,
        25,
        null,
        null
      ],
      "/Users/TuringJourney/Desktop/turing/mod_3/projects/the_pivot/little-shop/app/models/location.rb": [
        1,
        1,
        1,
        1,
        1,
        null,
        1,
        null,
        1,
        23,
        null,
        null
      ],
      "/Users/TuringJourney/Desktop/turing/mod_3/projects/the_pivot/little-shop/app/models/night.rb": [
        1,
        1,
        1,
        null
      ],
      "/Users/TuringJourney/Desktop/turing/mod_3/projects/the_pivot/little-shop/app/models/property.rb": [
        1,
        1,
        1,
        1,
        1,
        1,
        1,
        1,
        1,
        1,
        1,
        1,
        1,
        1,
        1,
        1,
        null,
        1,
        null,
        null,
        null,
        0,
        0,
        null,
        null
      ],
      "/Users/TuringJourney/Desktop/turing/mod_3/projects/the_pivot/little-shop/app/models/reservation.rb": [
        1,
        1,
        1,
        null,
        1,
        1,
        1,
        1,
        null
      ],
      "/Users/TuringJourney/Desktop/turing/mod_3/projects/the_pivot/little-shop/app/models/role.rb": [
        1,
        1,
        1,
        1,
        null
      ],
      "/Users/TuringJourney/Desktop/turing/mod_3/projects/the_pivot/little-shop/app/models/user.rb": [
        1,
        1,
        1,
        null,
        1,
        null,
        1,
        null,
        1,
        null
      ],
      "/Users/TuringJourney/Desktop/turing/mod_3/projects/the_pivot/little-shop/app/controllers/users_controller.rb": [
        1,
        null,
        1,
        1,
        1,
        1,
        1,
        1,
        1,
        null,
        0,
        0,
        null,
        null,
        null,
        1,
        2,
        null,
        null,
        1,
        null,
        null,
        1,
        null,
        null,
        1,
        2,
        2,
        2,
        null,
        null,
        0,
        null,
        null,
        null,
        1,
        null,
        1,
        3,
        null,
        null
      ],
      "/Users/TuringJourney/Desktop/turing/mod_3/projects/the_pivot/little-shop/app/controllers/application_controller.rb": [
        1,
        1,
        null,
        1,
        null,
        1,
        null,
        1,
        null,
        null,
        null,
        null,
        null,
        null,
        null,
        null,
        null,
        null,
        null,
        null,
        null,
        1,
        96,
        null,
        null,
        1,
        139,
        null,
        null,
        1,
        0,
        null,
        null
      ],
      "/Users/TuringJourney/Desktop/turing/mod_3/projects/the_pivot/little-shop/app/models/cart.rb": [
        1,
        1,
        1,
        null,
        1,
        104,
        null,
        null,
        1,
        13,
        null,
        null,
        null,
        null,
        null,
        null,
        null,
        null,
        1,
        69,
        null,
        null,
        1,
        43,
        51,
        null,
        null,
        null,
        null,
        null,
        null,
        null,
        null,
        1,
        null,
        24,
        19,
        null,
        null,
        1,
        7,
        null,
        null,
        null,
        null,
        null,
        null
      ],
      "/Users/TuringJourney/Desktop/turing/mod_3/projects/the_pivot/little-shop/app/controllers/businesses_controller.rb": [
        1,
        1,
        1,
        null,
        null,
        1,
        1,
        1,
        1,
        1,
        null,
        1,
        null,
        null,
        0,
        null,
        null,
        null,
        1,
        0,
        null,
        1,
        1,
        1,
        null,
        null
      ],
      "/Users/TuringJourney/Desktop/turing/mod_3/projects/the_pivot/little-shop/app/models/role_delegator.rb": [
        1,
        1,
        1,
        1,
        null,
        null,
        1,
        1,
        1,
        null,
        null,
        null,
        1,
        1,
        null,
        null
      ],
      "/Users/TuringJourney/Desktop/turing/mod_3/projects/the_pivot/little-shop/app/controllers/sessions_controller.rb": [
        1,
        null,
        1,
        5,
        5,
        5,
        5,
        5,
        5,
        null,
        0,
        null,
        null,
        null,
        1,
        null,
        null,
        1,
        1,
        1,
        1,
        null,
        null,
        null
      ],
      "/Users/TuringJourney/Desktop/turing/mod_3/projects/the_pivot/little-shop/app/controllers/properties_controller.rb": [
        1,
        1,
        1,
        1,
        1,
        null,
        0,
        null,
        null,
        null,
        1,
        12,
        null,
        null,
        1,
        0,
        null,
        null,
        1,
        0,
        0,
        0,
        0,
        null,
        0,
        null,
        null,
        null,
        1,
        0,
        null,
        null,
        1,
        0,
        0,
        0,
        0,
        null,
        0,
        null,
        null,
        null,
        1,
        null,
        1,
        0,
        null,
        null,
        null
      ],
      "/Users/TuringJourney/Desktop/turing/mod_3/projects/the_pivot/little-shop/app/controllers/cart_items_controller.rb": [
        1,
        null,
        null,
        null,
        1,
        11,
        11,
        11,
        11,
        null,
        null,
        1,
        null,
        null,
        3,
        3,
        null,
        null,
        3,
        null,
        null
      ],
      "/Users/TuringJourney/Desktop/turing/mod_3/projects/the_pivot/little-shop/app/controllers/cart_controller.rb": [
        1,
        null,
        null,
        null,
        1,
        21,
        null,
        null,
        null,
        null
      ],
      "/Users/TuringJourney/Desktop/turing/mod_3/projects/the_pivot/little-shop/app/models/cart_item.rb": [
        1,
        1,
        null,
        1,
        53,
        53,
        53,
        53,
        53,
        null,
        null,
        1,
        52,
        null,
        null
      ],
      "/Users/TuringJourney/Desktop/turing/mod_3/projects/the_pivot/little-shop/app/controllers/orders_controller.rb": [
        1,
        null,
        null,
        null,
        1,
        1,
        null,
        null,
        1,
        3,
        3,
        3,
        null,
        null,
        null,
        null,
        null,
        null,
        null,
        3,
        3,
        3,
        null,
        null,
        1,
        null,
        4,
        null,
        null,
        null,
        1,
        0,
        0,
        null,
        null,
        0,
        0,
        null,
        null,
        1,
        1,
        1,
        1,
        null,
        null
      ],
      "/Users/TuringJourney/Desktop/turing/mod_3/projects/the_pivot/little-shop/app/models/order.rb": [
        1,
        1,
        1,
        1,
        null,
        1,
        null
      ],
      "/Users/TuringJourney/Desktop/turing/mod_3/projects/the_pivot/little-shop/app/controllers/root_controller.rb": [
        1,
        null,
        1,
        3,
        3,
        null,
        null
      ],
      "/Users/TuringJourney/Desktop/turing/mod_3/projects/the_pivot/little-shop/app/controllers/location/properties_controller.rb": [
        1,
        null,
        1,
        2,
        2,
        2,
        null,
        0,
        null,
        null,
        null,
        null
      ]
    },
    "timestamp": 1471897329
  }
}
