{
  "RSpec": {
    "coverage": {
      "/Users/David/turing/3module/projects/the_pivot/config/environment.rb": [
        null,
        1,
        null,
        null,
        1,
        null,
        1,
        null,
        null,
        null,
        null,
        null,
        null,
        null,
        null
      ],
      "/Users/David/turing/3module/projects/the_pivot/config/application.rb": [
        1,
        null,
        1,
        null,
        null,
        null,
        1,
        null,
        1,
        1,
        null,
        null,
        null,
        null,
        null,
        null
      ],
      "/Users/David/turing/3module/projects/the_pivot/config/boot.rb": [
        1,
        null,
        1
      ],
      "/Users/David/turing/3module/projects/the_pivot/config/environments/test.rb": [
        1,
        1,
        null,
        null,
        null,
        null,
        null,
        null,
        1,
        null,
        null,
        null,
        null,
        1,
        null,
        null,
        1,
        1,
        null,
        null,
        null,
        null,
        1,
        1,
        null,
        null,
        1,
        null,
        null,
        1,
        1,
        null,
        null,
        null,
        null,
        1,
        null,
        null,
        1,
        null,
        null,
        null,
        null
      ],
      "/Users/David/turing/3module/projects/the_pivot/config/initializers/application_controller_renderer.rb": [
        null,
        null,
        null,
        null,
        null,
        null
      ],
      "/Users/David/turing/3module/projects/the_pivot/config/initializers/assets.rb": [
        null,
        null,
        null,
        1,
        null,
        null,
        null,
        null,
        null,
        null,
        null
      ],
      "/Users/David/turing/3module/projects/the_pivot/config/initializers/aws.rb": [
        1,
        null,
        null,
        null,
        null,
        1
      ],
      "/Users/David/turing/3module/projects/the_pivot/config/initializers/backtrace_silencers.rb": [
        null,
        null,
        null,
        null,
        null,
        null,
        null
      ],
      "/Users/David/turing/3module/projects/the_pivot/config/initializers/cookies_serializer.rb": [
        null,
        null,
        null,
        null,
        1
      ],
      "/Users/David/turing/3module/projects/the_pivot/config/initializers/filter_parameter_logging.rb": [
        null,
        null,
        null,
        1
      ],
      "/Users/David/turing/3module/projects/the_pivot/config/initializers/inflections.rb": [
        null,
        null,
        null,
        null,
        null,
        null,
        null,
        null,
        null,
        null,
        null,
        null,
        null,
        null,
        null,
        null
      ],
      "/Users/David/turing/3module/projects/the_pivot/config/initializers/mime_types.rb": [
        null,
        null,
        null,
        null
      ],
      "/Users/David/turing/3module/projects/the_pivot/config/initializers/new_framework_defaults.rb": [
        null,
        null,
        null,
        null,
        null,
        null,
        null,
        1,
        null,
        null,
        1,
        null,
        null,
        null,
        1,
        null,
        null,
        1,
        null,
        null,
        1,
        null,
        null,
        1
      ],
      "/Users/David/turing/3module/projects/the_pivot/config/initializers/session_store.rb": [
        null,
        null,
        1
      ],
      "/Users/David/turing/3module/projects/the_pivot/config/initializers/stripe.rb": [
        1,
        null,
        null,
        null,
        null,
        1
      ],
      "/Users/David/turing/3module/projects/the_pivot/config/initializers/wrap_parameters.rb": [
        null,
        null,
        null,
        null,
        null,
        null,
        1,
        2,
        null,
        null,
        null,
        null,
        null,
        null
      ],
      "/Users/David/turing/3module/projects/the_pivot/config/routes.rb": [
        1,
        null,
        1,
        1,
        null,
        1,
        null,
        1,
        null,
        1,
        null,
        1,
        1,
        null,
        null,
        1,
        null,
        1,
        null,
        1,
        null,
        1,
        null,
        1,
        null,
        1,
        null,
        1,
        null,
        1,
        null,
        1,
        1,
        null,
        null,
        1,
        1,
        1,
        1,
        1,
        1,
        null,
        null,
        null,
        1,
        1,
        1,
        1,
        null,
        null,
        1,
        null,
        1,
        null,
        null,
        null,
        null,
        null,
        null,
        null,
        null,
        null,
        null,
        null,
        null,
        null,
        null,
        null,
        null
      ],
      "/Users/David/turing/3module/projects/the_pivot/app/helpers/application_helper.rb": [
        1,
        1,
        null,
        null,
        null,
        null,
        1,
        7,
        3,
        null,
        4,
        null,
        null,
        null,
        1,
        0,
        null,
        null,
        1,
        6,
        null,
        null
      ],
      "/Users/David/turing/3module/projects/the_pivot/app/models/booked_date.rb": [
        1,
        1,
        1,
        null
      ],
      "/Users/David/turing/3module/projects/the_pivot/app/models/application_record.rb": [
        1,
        1,
        null
      ],
      "/Users/David/turing/3module/projects/the_pivot/app/models/booking_manager.rb": [
        1,
        1,
        1,
        1,
        null,
        null,
        1,
        1,
        1,
        1,
        null,
        null,
        1,
        null,
        null,
        1,
        1,
        null,
        null,
        null,
        null,
        1,
        0,
        0,
        0,
        null,
        null
      ],
      "/Users/David/turing/3module/projects/the_pivot/app/models/business.rb": [
        1,
        1,
        1,
        1,
        1,
        1,
        1,
        1,
        1,
        null,
        1,
        13,
        null,
        null,
        1,
        13,
        null,
        null,
        1,
        null,
        1,
        46,
        null,
        null
      ],
      "/Users/David/turing/3module/projects/the_pivot/app/models/location.rb": [
        1,
        1,
        1,
        1,
        1,
        null,
        1,
        null,
        1,
        27,
        null,
        null
      ],
      "/Users/David/turing/3module/projects/the_pivot/app/models/night.rb": [
        1,
        1,
        1,
        null
      ],
      "/Users/David/turing/3module/projects/the_pivot/app/models/property_sorter.rb": [
        1,
        1,
        1,
        0,
        null,
        null,
        1,
        0,
        null,
        null,
        null,
        0,
        null,
        null,
        0,
        null,
        null,
        1,
        0,
        0,
        0,
        null,
        null,
        null
      ],
      "/Users/David/turing/3module/projects/the_pivot/app/models/property.rb": [
        1,
        1,
        1,
        1,
        1,
        1,
        1,
        1,
        1,
        1,
        1,
        1,
        1,
        1,
        1,
        1,
        null,
        1,
        null,
        0,
        0,
        null,
        null
      ],
      "/Users/David/turing/3module/projects/the_pivot/app/models/reservation.rb": [
        1,
        1,
        1,
        null,
        1,
        1,
        1,
        1,
        null
      ],
      "/Users/David/turing/3module/projects/the_pivot/app/models/user.rb": [
        1,
        1,
        1,
        1,
        null,
        1,
        null,
        1,
        1,
        null,
        1,
        null
      ],
      "/Users/David/turing/3module/projects/the_pivot/app/controllers/users_controller.rb": [
        1,
        1,
        1,
        1,
        1,
        1,
        1,
        1,
        null,
        0,
        0,
        null,
        null,
        null,
        1,
        2,
        null,
        null,
        1,
        30,
        null,
        null,
        1,
        null,
        null,
        1,
        2,
        2,
        2,
        null,
        null,
        0,
        null,
        null,
        null,
        1,
        null,
        1,
        3,
        null,
        null
      ],
      "/Users/David/turing/3module/projects/the_pivot/app/controllers/application_controller.rb": [
        1,
        1,
        null,
        1,
        null,
        null,
        null,
        null,
        1,
        null,
        null,
        null,
        null,
        null,
        null,
        null,
        null,
        null,
        null,
        null,
        null,
        null,
        1,
        158,
        null,
        null,
        1,
        613,
        null,
        null,
        1,
        0,
        null,
        null,
        1,
        47,
        null,
        null,
        1,
        73,
        null,
        null
      ],
      "/Users/David/turing/3module/projects/the_pivot/app/models/cart.rb": [
        1,
        1,
        1,
        null,
        1,
        166,
        null,
        null,
        1,
        13,
        null,
        null,
        null,
        null,
        null,
        null,
        null,
        null,
        1,
        120,
        null,
        null,
        1,
        43,
        51,
        null,
        null,
        null,
        null,
        null,
        null,
        null,
        null,
        1,
        null,
        24,
        19,
        null,
        null,
        1,
        7,
        null,
        null,
        null,
        null,
        null,
        null
      ],
      "/Users/David/turing/3module/projects/the_pivot/app/controllers/admin/businesses_controller.rb": [
        1,
        null,
        1,
        2,
        null,
        null,
        1,
        1,
        1,
        1,
        1,
        null,
        0,
        0,
        null,
        null,
        null,
        1,
        null,
        1,
        1,
        null,
        null
      ],
      "/Users/David/turing/3module/projects/the_pivot/app/controllers/admin/base_controller.rb": [
        1,
        1,
        null,
        1,
        6,
        null,
        null
      ],
      "/Users/David/turing/3module/projects/the_pivot/app/controllers/properties_controller.rb": [
        1,
        1,
        4,
        4,
        4,
        null,
        0,
        null,
        null,
        null,
        1,
        13,
        null,
        null,
        null,
        null,
        null,
        null,
        null,
        null,
        null,
        null,
        null,
        null,
        null,
        null,
        null,
        null,
        null,
        null,
        null,
        null,
        null,
        null,
        null,
        null,
        null,
        null,
        null,
        null,
        null,
        null,
        null,
        null,
        null,
        null,
        null,
        null
      ],
      "/Users/David/turing/3module/projects/the_pivot/app/controllers/admin/properties_controller.rb": [
        1,
        1,
        2,
        null,
        null,
        1,
        1,
        1,
        1,
        1,
        null,
        0,
        null,
        null,
        null,
        1,
        null,
        1,
        1,
        null,
        null
      ],
      "/Users/David/turing/3module/projects/the_pivot/app/controllers/businesses_controller.rb": [
        1,
        1,
        4,
        null,
        null,
        1,
        4,
        4,
        4,
        null,
        4,
        null,
        null,
        0,
        null,
        null,
        null,
        1,
        0,
        null,
        null,
        null,
        null,
        null,
        null,
        null,
        null,
        null,
        null,
        null,
        null,
        null,
        null,
        null,
        null,
        null,
        null,
        null,
        null,
        null,
        null,
        null,
        null,
        1,
        null,
        1,
        4,
        null,
        null
      ],
      "/Users/David/turing/3module/projects/the_pivot/app/controllers/platform_admin/businesses_controller.rb": [
        1,
        1,
        13,
        13,
        null,
        null,
        1,
        3,
        3,
        3,
        3,
        null,
        null,
        1,
        1,
        1,
        1,
        1,
        null,
        null,
        1,
        null,
        1,
        null,
        null,
        null,
        3,
        null,
        null
      ],
      "/Users/David/turing/3module/projects/the_pivot/app/controllers/platform_admin/base_controller.rb": [
        1,
        1,
        null,
        1,
        17,
        null,
        null
      ],
      "/Users/David/turing/3module/projects/the_pivot/app/controllers/sessions_controller.rb": [
        1,
        null,
        1,
        8,
        8,
        7,
        7,
        7,
        7,
        null,
        1,
        1,
        null,
        null,
        null,
        1,
        null,
        null,
        1,
        1,
        1,
        1,
        null,
        null,
        null
      ],
      "/Users/David/turing/3module/projects/the_pivot/app/controllers/cart_items_controller.rb": [
        1,
        null,
        null,
        null,
        1,
        11,
        11,
        11,
        11,
        null,
        null,
        1,
        null,
        3,
        3,
        null,
        null,
        3,
        null,
        null
      ],
      "/Users/David/turing/3module/projects/the_pivot/app/controllers/cart_controller.rb": [
        1,
        null,
        null,
        null,
        1,
        21,
        null,
        null,
        null,
        null
      ],
      "/Users/David/turing/3module/projects/the_pivot/app/models/cart_item.rb": [
        1,
        1,
        null,
        1,
        53,
        53,
        53,
        53,
        53,
        null,
        null,
        1,
        52,
        null,
        null
      ],
      "/Users/David/turing/3module/projects/the_pivot/app/controllers/orders_controller.rb": [
        1,
        null,
        null,
        null,
        1,
        null,
        2,
        null,
        null,
        1,
        3,
        3,
        3,
        3,
        null,
        null,
        1,
        null,
        4,
        null,
        null,
        null,
        null,
        null,
        null,
        null,
        null,
        null,
        null,
        null,
        null,
        1,
        1,
        1,
        1,
        null,
        null
      ],
      "/Users/David/turing/3module/projects/the_pivot/app/models/cart_manager.rb": [
        1,
        1,
        3,
        3,
        null,
        null,
        1,
        3,
        3,
        3,
        null,
        null,
        null,
        null,
        null,
        null,
        null,
        3,
        null,
        null,
        1,
        6,
        null,
        null
      ],
      "/Users/David/turing/3module/projects/the_pivot/app/models/order.rb": [
        1,
        1,
        1,
        1,
        null,
        1,
        null
      ],
      "/Users/David/turing/3module/projects/the_pivot/app/controllers/root_controller.rb": [
        1,
        null,
        1,
        6,
        6,
        null,
        null,
        1,
        0,
        null,
        null
      ],
      "/Users/David/turing/3module/projects/the_pivot/app/controllers/locations/properties_controller.rb": [
        1,
        null,
        1,
        2,
        2,
        2,
        null,
        0,
        null,
        null,
        null,
        null
      ]
    },
    "timestamp": 1472085888
  }
}
